# JRE version: Java(TM) SE Runtime Environment (8.0_181-b13) (build 1.8.0_181-b13)
# Java VM: Java HotSpot(TM) 64-Bit Server VM (25.181-b13 mixed mode linux-amd64 compressed oops)
Heap:
 def new generation   total 41600K, used 842K [0x00000000f0600000, 0x00000000f3320000, 0x00000000f5950000)
  eden space 36992K,   2% used [0x00000000f0600000, 0x00000000f06d2a90, 0x00000000f2a20000)
  from space 4608K,   0% used [0x00000000f2a20000, 0x00000000f2a20000, 0x00000000f2ea0000)
  to   space 4608K,   0% used [0x00000000f2ea0000, 0x00000000f2ea0000, 0x00000000f3320000)
 tenured generation   total 109848K, used 109847K [0x00000000f5950000, 0x00000000fc496000, 0x0000000100000000)
   the space 109848K,  99% used [0x00000000f5950000, 0x00000000fc495ff0, 0x00000000fc496000, 0x00000000fc496000)
 Metaspace       used 36682K, capacity 39528K, committed 39936K, reserved 1081344K
  class space    used 7159K, capacity 8093K, committed 8192K, reserved 1048576K
GC Heap History (10 events):
Event: 41.440 GC heap after
Heap after GC invocations=351 (full 7):
 def new generation   total 41600K, used 4589K [0x00000000f0600000, 0x00000000f3320000, 0x00000000f5950000)
  eden space 36992K,   0% used [0x00000000f0600000, 0x00000000f0600000, 0x00000000f2a20000)
  from space 4608K,  99% used [0x00000000f2ea0000, 0x00000000f331b7b8, 0x00000000f3320000)
  to   space 4608K,   0% used [0x00000000f2a20000, 0x00000000f2a20000, 0x00000000f2ea0000)
 tenured generation   total 92376K, used 57825K [0x00000000f5950000, 0x00000000fb386000, 0x0000000100000000)
   the space 92376K,  62% used [0x00000000f5950000, 0x00000000f91c85e0, 0x00000000f91c8600, 0x00000000fb386000)
 Metaspace       used 33843K, capacity 36700K, committed 36736K, reserved 1079296K
  class space    used 6857K, capacity 7795K, committed 7808K, reserved 1048576K
}
Event: 41.765 GC heap before
{Heap before GC invocations=351 (full 7):
 def new generation   total 41600K, used 41581K [0x00000000f0600000, 0x00000000f3320000, 0x00000000f5950000)
  eden space 36992K, 100% used [0x00000000f0600000, 0x00000000f2a20000, 0x00000000f2a20000)
  from space 4608K,  99% used [0x00000000f2ea0000, 0x00000000f331b7b8, 0x00000000f3320000)
  to   space 4608K,   0% used [0x00000000f2a20000, 0x00000000f2a20000, 0x00000000f2ea0000)
 tenured generation   total 92376K, used 57825K [0x00000000f5950000, 0x00000000fb386000, 0x0000000100000000)
   the space 92376K,  62% used [0x00000000f5950000, 0x00000000f91c85e0, 0x00000000f91c8600, 0x00000000fb386000)
 Metaspace       used 35365K, capacity 38122K, committed 38272K, reserved 1079296K
  class space    used 7081K, capacity 7992K, committed 8064K, reserved 1048576K
Event: 41.783 GC heap after
Heap after GC invocations=352 (full 7):
 def new generation   total 41600K, used 4607K [0x00000000f0600000, 0x00000000f3320000, 0x00000000f5950000)
  eden space 36992K,   0% used [0x00000000f0600000, 0x00000000f0600000, 0x00000000f2a20000)
  from space 4608K,  99% used [0x00000000f2a20000, 0x00000000f2e9fff0, 0x00000000f2ea0000)
  to   space 4608K,   0% used [0x00000000f2ea0000, 0x00000000f2ea0000, 0x00000000f3320000)
 tenured generation   total 92376K, used 62856K [0x00000000f5950000, 0x00000000fb386000, 0x0000000100000000)
   the space 92376K,  68% used [0x00000000f5950000, 0x00000000f96b20f8, 0x00000000f96b2200, 0x00000000fb386000)
 Metaspace       used 35365K, capacity 38122K, committed 38272K, reserved 1079296K
  class space    used 7081K, capacity 7992K, committed 8064K, reserved 1048576K
}
Event: 43.158 GC heap before
{Heap before GC invocations=352 (full 7):
 def new generation   total 41600K, used 41599K [0x00000000f0600000, 0x00000000f3320000, 0x00000000f5950000)
  eden space 36992K, 100% used [0x00000000f0600000, 0x00000000f2a20000, 0x00000000f2a20000)
  from space 4608K,  99% used [0x00000000f2a20000, 0x00000000f2e9fff0, 0x00000000f2ea0000)
  to   space 4608K,   0% used [0x00000000f2ea0000, 0x00000000f2ea0000, 0x00000000f3320000)
 tenured generation   total 92376K, used 62856K [0x00000000f5950000, 0x00000000fb386000, 0x0000000100000000)
   the space 92376K,  68% used [0x00000000f5950000, 0x00000000f96b20f8, 0x00000000f96b2200, 0x00000000fb386000)
 Metaspace       used 36091K, capacity 38930K, committed 39040K, reserved 1081344K
  class space    used 7104K, capacity 8024K, committed 8064K, reserved 1048576K
Event: 43.210 GC heap after
Heap after GC invocations=353 (full 7):
 def new generation   total 41600K, used 4607K [0x00000000f0600000, 0x00000000f3320000, 0x00000000f5950000)
  eden space 36992K,   0% used [0x00000000f0600000, 0x00000000f0600000, 0x00000000f2a20000)
  from space 4608K,  99% used [0x00000000f2ea0000, 0x00000000f331fff8, 0x00000000f3320000)
  to   space 4608K,   0% used [0x00000000f2a20000, 0x00000000f2a20000, 0x00000000f2ea0000)
 tenured generation   total 92376K, used 68915K [0x00000000f5950000, 0x00000000fb386000, 0x0000000100000000)
   the space 92376K,  74% used [0x00000000f5950000, 0x00000000f9c9cf70, 0x00000000f9c9d000, 0x00000000fb386000)
 Metaspace       used 36091K, capacity 38930K, committed 39040K, reserved 1081344K
  class space    used 7104K, capacity 8024K, committed 8064K, reserved 1048576K
}
Event: 43.956 GC heap before
{Heap before GC invocations=353 (full 7):
 def new generation   total 41600K, used 41599K [0x00000000f0600000, 0x00000000f3320000, 0x00000000f5950000)
  eden space 36992K, 100% used [0x00000000f0600000, 0x00000000f2a20000, 0x00000000f2a20000)
  from space 4608K,  99% used [0x00000000f2ea0000, 0x00000000f331fff8, 0x00000000f3320000)
  to   space 4608K,   0% used [0x00000000f2a20000, 0x00000000f2a20000, 0x00000000f2ea0000)
 tenured generation   total 92376K, used 68915K [0x00000000f5950000, 0x00000000fb386000, 0x0000000100000000)
   the space 92376K,  74% used [0x00000000f5950000, 0x00000000f9c9cf70, 0x00000000f9c9d000, 0x00000000fb386000)
 Metaspace       used 36652K, capacity 39464K, committed 39680K, reserved 1081344K
  class space    used 7159K, capacity 8093K, committed 8192K, reserved 1048576K
Event: 43.981 GC heap after
Heap after GC invocations=354 (full 7):
 def new generation   total 41600K, used 2989K [0x00000000f0600000, 0x00000000f3320000, 0x00000000f5950000)
  eden space 36992K,   0% used [0x00000000f0600000, 0x00000000f0600000, 0x00000000f2a20000)
  from space 4608K,  64% used [0x00000000f2a20000, 0x00000000f2d0b4d0, 0x00000000f2ea0000)
  to   space 4608K,   0% used [0x00000000f2ea0000, 0x00000000f2ea0000, 0x00000000f3320000)
 tenured generation   total 92376K, used 73503K [0x00000000f5950000, 0x00000000fb386000, 0x0000000100000000)
   the space 92376K,  79% used [0x00000000f5950000, 0x00000000fa117f38, 0x00000000fa118000, 0x00000000fb386000)
 Metaspace       used 36652K, capacity 39464K, committed 39680K, reserved 1081344K
  class space    used 7159K, capacity 8093K, committed 8192K, reserved 1048576K
}
Event: 44.435 GC heap before
{Heap before GC invocations=354 (full 7):
 def new generation   total 41600K, used 39981K [0x00000000f0600000, 0x00000000f3320000, 0x00000000f5950000)
  eden space 36992K, 100% used [0x00000000f0600000, 0x00000000f2a20000, 0x00000000f2a20000)
  from space 4608K,  64% used [0x00000000f2a20000, 0x00000000f2d0b4d0, 0x00000000f2ea0000)
  to   space 4608K,   0% used [0x00000000f2ea0000, 0x00000000f2ea0000, 0x00000000f3320000)
 tenured generation   total 92376K, used 73503K [0x00000000f5950000, 0x00000000fb386000, 0x0000000100000000)
   the space 92376K,  79% used [0x00000000f5950000, 0x00000000fa117f38, 0x00000000fa118000, 0x00000000fb386000)
 Metaspace       used 36660K, capacity 39464K, committed 39680K, reserved 1081344K
  class space    used 7159K, capacity 8093K, committed 8192K, reserved 1048576K
Event: 44.548 GC heap after
Heap after GC invocations=355 (full 7):
 def new generation   total 41600K, used 4608K [0x00000000f0600000, 0x00000000f3320000, 0x00000000f5950000)
  eden space 36992K,   0% used [0x00000000f0600000, 0x00000000f0600000, 0x00000000f2a20000)
  from space 4608K, 100% used [0x00000000f2ea0000, 0x00000000f3320000, 0x00000000f3320000)
  to   space 4608K,   0% used [0x00000000f2a20000, 0x00000000f2a20000, 0x00000000f2ea0000)
 tenured generation   total 92376K, used 88722K [0x00000000f5950000, 0x00000000fb386000, 0x0000000100000000)
   the space 92376K,  96% used [0x00000000f5950000, 0x00000000faff4978, 0x00000000faff4a00, 0x00000000fb386000)
 Metaspace       used 36660K, capacity 39464K, committed 39680K, reserved 1081344K
  class space    used 7159K, capacity 8093K, committed 8192K, reserved 1048576K
}
Event: 44.995 GC heap before
{Heap before GC invocations=355 (full 7):
 def new generation   total 41600K, used 41600K [0x00000000f0600000, 0x00000000f3320000, 0x00000000f5950000)
  eden space 36992K, 100% used [0x00000000f0600000, 0x00000000f2a20000, 0x00000000f2a20000)
  from space 4608K, 100% used [0x00000000f2ea0000, 0x00000000f3320000, 0x00000000f3320000)
  to   space 4608K,   0% used [0x00000000f2a20000, 0x00000000f2a20000, 0x00000000f2ea0000)
 tenured generation   total 92376K, used 88722K [0x00000000f5950000, 0x00000000fb386000, 0x0000000100000000)
   the space 92376K,  96% used [0x00000000f5950000, 0x00000000faff4978, 0x00000000faff4a00, 0x00000000fb386000)
 Metaspace       used 36682K, capacity 39528K, committed 39936K, reserved 1081344K
  class space    used 7159K, capacity 8093K, committed 8192K, reserved 1048576K

